Vivado Simulator v2022.1
Copyright 1986-1999, 2001-2022 Xilinx, Inc. All Rights Reserved.
Running: /home/gpaiva/Xilinx/Vivado/2022.1/bin/unwrapped/lnx64.o/xelab --incr --debug typical --relax --mt 8 -L xil_defaultlib -L secureip --snapshot mat_tb_behav xil_defaultlib.mat_tb -log elaborate.log 
Using 8 slave threads.
Starting static elaboration
Completed static elaboration
Starting simulation data flow analysis
Completed simulation data flow analysis
Time Resolution for simulation is 1ps
Compiling package std.standard
Compiling package std.textio
Compiling package ieee.std_logic_1164
Compiling package ieee.numeric_std
Compiling package ieee.fixed_float_types
Compiling package ieee.fixed_pkg
Compiling package ieee.math_real
Compiling package xil_defaultlib.packages_util
Compiling architecture behavioral of entity xil_defaultlib.main [main_default]
Compiling architecture behavior of entity xil_defaultlib.mat_tb
Built simulation snapshot mat_tb_behav
